;  LST file generated by mikroListExporter - v.2.0 
; Date/Time: 25/10/2014 06:58:57 ã
;----------------------------------------------

;Address Opcode 	ASM
0x0000	0x2862      	GOTO       98
_____DoICP:
;__Lib_System.c,6 :: 		
;__Lib_System.c,9 :: 		
0x0003	0x1283      	BCF        STATUS, 5
0x0004	0x1303      	BCF        STATUS, 6
0x0005	0x0821      	MOVF       ___DoICPAddr+1, 0
0x0006	0x008A      	MOVWF      PCLATH
;__Lib_System.c,10 :: 		
0x0007	0x0820      	MOVF       ___DoICPAddr, 0
0x0008	0x0082      	MOVWF      PCL
;__Lib_System.c,12 :: 		
L_end_____DoICP:
0x0009	0x0008      	RETURN
; end of _____DoICP
_leftCar:
;MyProject.c,106 :: 		void leftCar (void)
;MyProject.c,108 :: 		MotorL = off ;
0x000A	0x1283      	BCF        STATUS, 5
0x000B	0x1303      	BCF        STATUS, 6
0x000C	0x1006      	BCF        PORTB, 0
;MyProject.c,109 :: 		MotorR = on ;
0x000D	0x1486      	BSF        PORTB, 1
;MyProject.c,110 :: 		}
L_end_leftCar:
0x000E	0x0008      	RETURN
; end of _leftCar
_stopCar:
;MyProject.c,119 :: 		void stopCar (void)
;MyProject.c,121 :: 		MotorL = off ;
0x000F	0x1283      	BCF        STATUS, 5
0x0010	0x1303      	BCF        STATUS, 6
0x0011	0x1006      	BCF        PORTB, 0
;MyProject.c,122 :: 		MotorR = off ;
0x0012	0x1086      	BCF        PORTB, 1
;MyProject.c,123 :: 		}
L_end_stopCar:
0x0013	0x0008      	RETURN
; end of _stopCar
_rightCar:
;MyProject.c,112 :: 		void rightCar (void)
;MyProject.c,114 :: 		MotorL = on ;
0x0014	0x1283      	BCF        STATUS, 5
0x0015	0x1303      	BCF        STATUS, 6
0x0016	0x1406      	BSF        PORTB, 0
;MyProject.c,115 :: 		MotorR = off ;
0x0017	0x1086      	BCF        PORTB, 1
;MyProject.c,116 :: 		}
L_end_rightCar:
0x0018	0x0008      	RETURN
; end of _rightCar
_followedCar:
;MyProject.c,100 :: 		void followedCar (void)
;MyProject.c,102 :: 		MotorR = on ;
0x0019	0x1283      	BCF        STATUS, 5
0x001A	0x1303      	BCF        STATUS, 6
0x001B	0x1486      	BSF        PORTB, 1
;MyProject.c,103 :: 		MotorL = on ;
0x001C	0x1406      	BSF        PORTB, 0
;MyProject.c,104 :: 		}
L_end_followedCar:
0x001D	0x0008      	RETURN
; end of _followedCar
___CC2DW:
;__Lib_System.c,134 :: 		
;__Lib_System.c,137 :: 		
_CC2D_Loop1:
;__Lib_System.c,139 :: 		
0x001E	0x2003      	CALL       _____DoICP
0x001F	0x118A      	BCF        PCLATH, 3
0x0020	0x120A      	BCF        PCLATH, 4
;__Lib_System.c,141 :: 		
0x0021	0x0080      	MOVWF      INDF
;__Lib_System.c,142 :: 		
0x0022	0x0A84      	INCF       FSR, 1
;__Lib_System.c,143 :: 		
0x0023	0x0AA0      	INCF       ___DoICPAddr, 1
;__Lib_System.c,145 :: 		
0x0024	0x1903      	BTFSC      STATUS, 2
;__Lib_System.c,146 :: 		
0x0025	0x0AA1      	INCF       ___DoICPAddr+1, 1
;__Lib_System.c,147 :: 		
0x0026	0x03F0      	DECF       R0, 1
;__Lib_System.c,149 :: 		
0x0027	0x1D03      	BTFSS      STATUS, 2
;__Lib_System.c,150 :: 		
0x0028	0x281E      	GOTO       _CC2D_Loop1
;__Lib_System.c,152 :: 		
L_end___CC2DW:
0x0029	0x0008      	RETURN
; end of ___CC2DW
_mainCode:
;MyProject.c,69 :: 		void mainCode (void)
;MyProject.c,71 :: 		while (1)
L_mainCode0:
;MyProject.c,73 :: 		if ((LDR_L == white) &&  (LDR_R == white) )              //white on the two LDR
0x002A	0x1283      	BCF        STATUS, 5
0x002B	0x1303      	BCF        STATUS, 6
0x002C	0x1B86      	BTFSC      PORTB, 7
0x002D	0x2837      	GOTO       L_mainCode4
0x002E	0x1B06      	BTFSC      PORTB, 6
0x002F	0x2837      	GOTO       L_mainCode4
L__mainCode40:
;MyProject.c,75 :: 		followedCar (void);
0x0030	0x2019      	CALL       _followedCar
;MyProject.c,76 :: 		while ( (LDR_L==white) &&  (LDR_R== white) ) ;
L_mainCode5:
0x0031	0x1B86      	BTFSC      PORTB, 7
0x0032	0x2836      	GOTO       L_mainCode6
0x0033	0x1B06      	BTFSC      PORTB, 6
0x0034	0x2836      	GOTO       L_mainCode6
L__mainCode39:
0x0035	0x2831      	GOTO       L_mainCode5
L_mainCode6:
;MyProject.c,77 :: 		}
0x0036	0x2857      	GOTO       L_mainCode9
L_mainCode4:
;MyProject.c,78 :: 		else if ((LDR_L == white) &&  (LDR_R == black) )        // go Right case
0x0037	0x1B86      	BTFSC      PORTB, 7
0x0038	0x2842      	GOTO       L_mainCode12
0x0039	0x1F06      	BTFSS      PORTB, 6
0x003A	0x2842      	GOTO       L_mainCode12
L__mainCode38:
;MyProject.c,80 :: 		RightCar (void);
0x003B	0x2014      	CALL       _rightCar
;MyProject.c,81 :: 		while ( (LDR_L == white) &&  (LDR_R == black) ) ;
L_mainCode13:
0x003C	0x1B86      	BTFSC      PORTB, 7
0x003D	0x2841      	GOTO       L_mainCode14
0x003E	0x1F06      	BTFSS      PORTB, 6
0x003F	0x2841      	GOTO       L_mainCode14
L__mainCode37:
0x0040	0x283C      	GOTO       L_mainCode13
L_mainCode14:
;MyProject.c,82 :: 		}
0x0041	0x2857      	GOTO       L_mainCode17
L_mainCode12:
;MyProject.c,83 :: 		else if ((LDR_L == black) &&  (LDR_R == white) )         // go left  case
0x0042	0x1F86      	BTFSS      PORTB, 7
0x0043	0x284D      	GOTO       L_mainCode20
0x0044	0x1B06      	BTFSC      PORTB, 6
0x0045	0x284D      	GOTO       L_mainCode20
L__mainCode36:
;MyProject.c,85 :: 		leftCar (void);
0x0046	0x200A      	CALL       _leftCar
;MyProject.c,86 :: 		while ( (LDR_L == black) &&  (LDR_R == white) ) ;
L_mainCode21:
0x0047	0x1F86      	BTFSS      PORTB, 7
0x0048	0x284C      	GOTO       L_mainCode22
0x0049	0x1B06      	BTFSC      PORTB, 6
0x004A	0x284C      	GOTO       L_mainCode22
L__mainCode35:
0x004B	0x2847      	GOTO       L_mainCode21
L_mainCode22:
;MyProject.c,87 :: 		}
0x004C	0x2857      	GOTO       L_mainCode25
L_mainCode20:
;MyProject.c,88 :: 		else if ((LDR_L == black) &&  (LDR_R == black) )          // stop case
0x004D	0x1F86      	BTFSS      PORTB, 7
0x004E	0x2857      	GOTO       L_mainCode28
0x004F	0x1F06      	BTFSS      PORTB, 6
0x0050	0x2857      	GOTO       L_mainCode28
L__mainCode34:
;MyProject.c,90 :: 		StopCar (void);
0x0051	0x200F      	CALL       _stopCar
;MyProject.c,91 :: 		while ( (LDR_L == black) &&  (LDR_R == black) ) ;
L_mainCode29:
0x0052	0x1F86      	BTFSS      PORTB, 7
0x0053	0x2857      	GOTO       L_mainCode30
0x0054	0x1F06      	BTFSS      PORTB, 6
0x0055	0x2857      	GOTO       L_mainCode30
L__mainCode33:
0x0056	0x2852      	GOTO       L_mainCode29
L_mainCode30:
;MyProject.c,92 :: 		}
L_mainCode28:
L_mainCode25:
L_mainCode17:
L_mainCode9:
;MyProject.c,94 :: 		}
0x0057	0x282A      	GOTO       L_mainCode0
;MyProject.c,95 :: 		}
L_end_mainCode:
0x0058	0x0008      	RETURN
; end of _mainCode
_initialValues:
;MyProject.c,63 :: 		void initialValues(void)
;MyProject.c,65 :: 		stopCar (void) ;
0x0059	0x200F      	CALL       _stopCar
;MyProject.c,66 :: 		}
L_end_initialValues:
0x005A	0x0008      	RETURN
; end of _initialValues
_ioConfiguration:
;MyProject.c,53 :: 		void ioConfiguration(void)
;MyProject.c,55 :: 		LDR_L_dir = in ;
0x005B	0x1683      	BSF        STATUS, 5
0x005C	0x1303      	BCF        STATUS, 6
0x005D	0x1786      	BSF        TRISB, 7
;MyProject.c,56 :: 		LDR_R_dir = in ;
0x005E	0x1706      	BSF        TRISB, 6
;MyProject.c,58 :: 		MotorL_dir = out;
0x005F	0x1006      	BCF        TRISB, 0
;MyProject.c,59 :: 		MotorR_dir = out;
0x0060	0x1086      	BCF        TRISB, 1
;MyProject.c,60 :: 		}
L_end_ioConfiguration:
0x0061	0x0008      	RETURN
; end of _ioConfiguration
_main:
;MyProject.c,44 :: 		void main()
;MyProject.c,46 :: 		ioConfiguration();
0x0062	0x205B      	CALL       _ioConfiguration
;MyProject.c,47 :: 		initialValues();
0x0063	0x2059      	CALL       _initialValues
;MyProject.c,48 :: 		mainCode();
0x0064	0x202A      	CALL       _mainCode
;MyProject.c,49 :: 		}
L_end_main:
0x0065	0x2865      	GOTO       $+0
; end of _main
Symbol List:
//** Routines locations **
//ADDRESS    SIZE    PROCEDURE
//----------------------------------------------
0x0003       [7]    _____DoICP
0x000A       [5]    _leftCar
0x000F       [5]    _stopCar
0x0014       [5]    _rightCar
0x0019       [5]    _followedCar
0x001E      [12]    ___CC2DW
0x002A      [47]    _mainCode
0x0059       [2]    _initialValues
0x005B       [7]    _ioConfiguration
0x0062       [4]    _main
//** Variables locations ** 
//ADDRESS    SIZE    VARIABLE
//----------------------------------------------
0x0000       [1]    INDF
0x0002       [1]    PCL
0x0003       [1]    STATUS
0x0004       [1]    FSR
0x0006       [0]    LDR_R
0x0006       [0]    MotorL
0x0006       [0]    MotorR
0x0006       [1]    PORTB
0x0006       [0]    LDR_L
0x000A       [1]    PCLATH
0x0020       [2]    ___DoICPAddr
0x0070       [1]    R0
0x0071       [1]    R1
0x0072       [1]    R2
0x0073       [1]    R3
0x0074       [1]    R4
0x0075       [1]    R5
0x0076       [1]    R6
0x0077       [1]    R7
0x0078       [1]    R8
0x0079       [1]    R9
0x007A       [1]    R10
0x007B       [1]    R11
0x007C       [1]    R12
0x007D       [1]    R13
0x007E       [1]    R14
0x007F       [1]    R15
0x0086       [1]    TRISB
0x0086       [0]    LDR_L_dir
0x0086       [0]    MotorR_dir
0x0086       [0]    MotorL_dir
0x0086       [0]    LDR_R_dir
//** Label List: ** 
//----------------------------------------------
  L_mainCode0
  L_mainCode1
  L_mainCode2
  L_mainCode3
  L_mainCode4
  L_mainCode5
  L_mainCode6
  L_mainCode7
  L_mainCode8
  L_mainCode9
  L_mainCode10
  L_mainCode11
  L_mainCode12
  L_mainCode13
  L_mainCode14
  L_mainCode15
  L_mainCode16
  L_mainCode17
  L_mainCode18
  L_mainCode19
  L_mainCode20
  L_mainCode21
  L_mainCode22
  L_mainCode23
  L_mainCode24
  L_mainCode25
  L_mainCode26
  L_mainCode27
  L_mainCode28
  L_mainCode29
  L_mainCode30
  L_mainCode31
  L_mainCode32
  L__mainCode33
  L__mainCode34
  L__mainCode35
  L__mainCode36
  L__mainCode37
  L__mainCode38
  L__mainCode39
  L__mainCode40
  L_end_main
  _main
  L_end_ioConfiguration
  _ioConfiguration
  L_end_initialValues
  _initialValues
  L_end_mainCode
  _mainCode
  L_end_followedCar
  _followedCar
  L_end_leftCar
  _leftCar
  L_end_rightCar
  _rightCar
  L_end_stopCar
  _stopCar
  L_loopCA2AWs
  L_CA2AWend
  _CCA2AW_Loop1
  L_loopCS2Ss
  L_CS2Send
  _CCS2S_Loop1
  L_CCS2Send
  L_loopFZinSWs
  L_FZinSend
  _CC2D_Loop1
  L_end_____DoICP
  _____DoICP
  L_end_____DoIFC
  _____DoIFC
  L_end___CA2AW
  ___CA2AW
  L_end___CCA2AW
  ___CCA2AW
  L_end___CS2S
  ___CS2S
  L_end___CCS2S
  ___CCS2S
  L_end___FZinS
  ___FZinS
  L_end___CC2DW
  ___CC2DW
  L_end_Swap
  _Swap
