;  LST file generated by mikroListExporter - v.2.0 
; Date/Time: 12/11/2014 7:55:13 PM
;----------------------------------------------

;Address Opcode 	ASM
0x0000	0x2871      	GOTO       113
_followedCar:
;linefollower.c,127 :: 		void followedCar (void)
;linefollower.c,129 :: 		MotorR = on ;
0x0003	0x1283      	BCF        STATUS, 5
0x0004	0x1485      	BSF        PORTA, 1
;linefollower.c,130 :: 		MotorL = on ;
0x0005	0x1505      	BSF        PORTA, 2
;linefollower.c,131 :: 		}
L_end_followedCar:
0x0006	0x0008      	RETURN
; end of _followedCar
_rightCar:
;linefollower.c,139 :: 		void rightCar (void)
;linefollower.c,141 :: 		MotorL = on ;
0x0007	0x1283      	BCF        STATUS, 5
0x0008	0x1505      	BSF        PORTA, 2
;linefollower.c,142 :: 		MotorR = off ;
0x0009	0x1085      	BCF        PORTA, 1
;linefollower.c,143 :: 		}
L_end_rightCar:
0x000A	0x0008      	RETURN
; end of _rightCar
_leftCar:
;linefollower.c,133 :: 		void leftCar (void)
;linefollower.c,135 :: 		MotorL = off ;
0x000B	0x1283      	BCF        STATUS, 5
0x000C	0x1105      	BCF        PORTA, 2
;linefollower.c,136 :: 		MotorR = on ;
0x000D	0x1485      	BSF        PORTA, 1
;linefollower.c,137 :: 		}
L_end_leftCar:
0x000E	0x0008      	RETURN
; end of _leftCar
_____DoICP:
;__Lib_System.c,6 :: 		
;__Lib_System.c,9 :: 		
0x000F	0x1283      	BCF        STATUS, 5
0x0010	0x0811      	MOVF       ___DoICPAddr+1, 0
0x0011	0x008A      	MOVWF      PCLATH
;__Lib_System.c,10 :: 		
0x0012	0x0810      	MOVF       ___DoICPAddr, 0
0x0013	0x0082      	MOVWF      PCL
;__Lib_System.c,12 :: 		
L_end_____DoICP:
0x0014	0x0008      	RETURN
; end of _____DoICP
_stopCar:
;linefollower.c,146 :: 		void stopCar (void)
;linefollower.c,148 :: 		MotorL = off ;
0x0015	0x1283      	BCF        STATUS, 5
0x0016	0x1105      	BCF        PORTA, 2
;linefollower.c,149 :: 		MotorR = off ;
0x0017	0x1085      	BCF        PORTA, 1
;linefollower.c,150 :: 		}
L_end_stopCar:
0x0018	0x0008      	RETURN
; end of _stopCar
_mainCode:
;linefollower.c,82 :: 		void mainCode (void)
;linefollower.c,84 :: 		while (1)
L_mainCode0:
;linefollower.c,86 :: 		L = 0 ;
0x0019	0x1283      	BCF        STATUS, 5
0x001A	0x018E      	CLRF       _L
0x001B	0x018F      	CLRF       _L+1
;linefollower.c,87 :: 		R = 0 ;
0x001C	0x018C      	CLRF       _R
0x001D	0x018D      	CLRF       _R+1
;linefollower.c,89 :: 		if (LDR_L1 == black)
0x001E	0x1A06      	BTFSC      PORTB, 4
0x001F	0x2824      	GOTO       L_mainCode2
;linefollower.c,91 :: 		L = 1;
0x0020	0x3001      	MOVLW      1
0x0021	0x008E      	MOVWF      _L
0x0022	0x3000      	MOVLW      0
0x0023	0x008F      	MOVWF      _L+1
;linefollower.c,92 :: 		}
L_mainCode2:
;linefollower.c,93 :: 		if (LDR_L2 == black)
0x0024	0x1A86      	BTFSC      PORTB, 5
0x0025	0x282A      	GOTO       L_mainCode3
;linefollower.c,95 :: 		L = 2;
0x0026	0x3002      	MOVLW      2
0x0027	0x008E      	MOVWF      _L
0x0028	0x3000      	MOVLW      0
0x0029	0x008F      	MOVWF      _L+1
;linefollower.c,96 :: 		}
L_mainCode3:
;linefollower.c,97 :: 		if (LDR_R1 == black)
0x002A	0x1986      	BTFSC      PORTB, 3
0x002B	0x2830      	GOTO       L_mainCode4
;linefollower.c,99 :: 		R = 1;
0x002C	0x3001      	MOVLW      1
0x002D	0x008C      	MOVWF      _R
0x002E	0x3000      	MOVLW      0
0x002F	0x008D      	MOVWF      _R+1
;linefollower.c,100 :: 		}
L_mainCode4:
;linefollower.c,101 :: 		if (LDR_R2 == black)
0x0030	0x1906      	BTFSC      PORTB, 2
0x0031	0x2836      	GOTO       L_mainCode5
;linefollower.c,103 :: 		R = 2;
0x0032	0x3002      	MOVLW      2
0x0033	0x008C      	MOVWF      _R
0x0034	0x3000      	MOVLW      0
0x0035	0x008D      	MOVWF      _R+1
;linefollower.c,104 :: 		}
L_mainCode5:
;linefollower.c,106 :: 		if (L > R)
0x0036	0x3080      	MOVLW      128
0x0037	0x060D      	XORWF      _R+1, 0
0x0038	0x00C0      	MOVWF      R0
0x0039	0x3080      	MOVLW      128
0x003A	0x060F      	XORWF      _L+1, 0
0x003B	0x0240      	SUBWF      R0, 0
0x003C	0x1D03      	BTFSS      STATUS, 2
0x003D	0x2840      	GOTO       L__mainCode13
0x003E	0x080E      	MOVF       _L, 0
0x003F	0x020C      	SUBWF      _R, 0
L__mainCode13:
0x0040	0x1803      	BTFSC      STATUS, 0
0x0041	0x2843      	GOTO       L_mainCode6
;linefollower.c,108 :: 		leftCar(void);
0x0042	0x200B      	CALL       _leftCar
;linefollower.c,110 :: 		}
L_mainCode6:
;linefollower.c,111 :: 		if (R > L)
0x0043	0x3080      	MOVLW      128
0x0044	0x060F      	XORWF      _L+1, 0
0x0045	0x00C0      	MOVWF      R0
0x0046	0x3080      	MOVLW      128
0x0047	0x060D      	XORWF      _R+1, 0
0x0048	0x0240      	SUBWF      R0, 0
0x0049	0x1D03      	BTFSS      STATUS, 2
0x004A	0x284D      	GOTO       L__mainCode14
0x004B	0x080C      	MOVF       _R, 0
0x004C	0x020E      	SUBWF      _L, 0
L__mainCode14:
0x004D	0x1803      	BTFSC      STATUS, 0
0x004E	0x2850      	GOTO       L_mainCode7
;linefollower.c,113 :: 		rightCar(void);
0x004F	0x2007      	CALL       _rightCar
;linefollower.c,115 :: 		}
L_mainCode7:
;linefollower.c,116 :: 		if (R == L)
0x0050	0x080D      	MOVF       _R+1, 0
0x0051	0x060F      	XORWF      _L+1, 0
0x0052	0x1D03      	BTFSS      STATUS, 2
0x0053	0x2856      	GOTO       L__mainCode15
0x0054	0x080E      	MOVF       _L, 0
0x0055	0x060C      	XORWF      _R, 0
L__mainCode15:
0x0056	0x1D03      	BTFSS      STATUS, 2
0x0057	0x2859      	GOTO       L_mainCode8
;linefollower.c,118 :: 		followedCar(void);
0x0058	0x2003      	CALL       _followedCar
;linefollower.c,120 :: 		}
L_mainCode8:
;linefollower.c,121 :: 		}
0x0059	0x2819      	GOTO       L_mainCode0
;linefollower.c,122 :: 		}
L_end_mainCode:
0x005A	0x0008      	RETURN
; end of _mainCode
_initialValues:
;linefollower.c,76 :: 		void initialValues(void)
;linefollower.c,78 :: 		stopCar (void) ;
0x005B	0x2015      	CALL       _stopCar
;linefollower.c,79 :: 		}
L_end_initialValues:
0x005C	0x0008      	RETURN
; end of _initialValues
___CC2DW:
;__Lib_System.c,134 :: 		
;__Lib_System.c,137 :: 		
_CC2D_Loop1:
;__Lib_System.c,139 :: 		
0x005D	0x200F      	CALL       _____DoICP
0x005E	0x118A      	BCF        PCLATH, 3
0x005F	0x120A      	BCF        PCLATH, 4
;__Lib_System.c,141 :: 		
0x0060	0x0080      	MOVWF      INDF
;__Lib_System.c,142 :: 		
0x0061	0x0A84      	INCF       FSR, 1
;__Lib_System.c,143 :: 		
0x0062	0x0A90      	INCF       ___DoICPAddr, 1
;__Lib_System.c,145 :: 		
0x0063	0x1903      	BTFSC      STATUS, 2
;__Lib_System.c,146 :: 		
0x0064	0x0A91      	INCF       ___DoICPAddr+1, 1
;__Lib_System.c,147 :: 		
0x0065	0x03C0      	DECF       R0, 1
;__Lib_System.c,149 :: 		
0x0066	0x1D03      	BTFSS      STATUS, 2
;__Lib_System.c,150 :: 		
0x0067	0x285D      	GOTO       _CC2D_Loop1
;__Lib_System.c,152 :: 		
L_end___CC2DW:
0x0068	0x0008      	RETURN
; end of ___CC2DW
_ioConfiguration:
;linefollower.c,64 :: 		void ioConfiguration(void)
;linefollower.c,66 :: 		LDR_L1_dir = in;
0x0069	0x1683      	BSF        STATUS, 5
0x006A	0x1606      	BSF        TRISB, 4
;linefollower.c,67 :: 		LDR_L2_dir = in;
0x006B	0x1686      	BSF        TRISB, 5
;linefollower.c,68 :: 		LDR_R1_dir = in;
0x006C	0x1586      	BSF        TRISB, 3
;linefollower.c,69 :: 		LDR_R2_dir = in;
0x006D	0x1506      	BSF        TRISB, 2
;linefollower.c,71 :: 		MotorL_dir = out;
0x006E	0x1105      	BCF        TRISA, 2
;linefollower.c,72 :: 		MotorR_dir = out;
0x006F	0x1085      	BCF        TRISA, 1
;linefollower.c,73 :: 		}
L_end_ioConfiguration:
0x0070	0x0008      	RETURN
; end of _ioConfiguration
_main:
0x0071	0x1283      	BCF        STATUS, 5
0x0072	0x018C      	CLRF       _R
0x0073	0x018D      	CLRF       13
0x0074	0x018E      	CLRF       _L
0x0075	0x018F      	CLRF       15
;linefollower.c,55 :: 		void main()
;linefollower.c,57 :: 		ioConfiguration();
0x0076	0x2069      	CALL       _ioConfiguration
;linefollower.c,58 :: 		initialValues();
0x0077	0x205B      	CALL       _initialValues
;linefollower.c,59 :: 		mainCode();
0x0078	0x2019      	CALL       _mainCode
;linefollower.c,60 :: 		}
L_end_main:
0x0079	0x2879      	GOTO       $+0
; end of _main
Symbol List:
//** Routines locations **
//ADDRESS    SIZE    PROCEDURE
//----------------------------------------------
0x0003       [4]    _followedCar
0x0007       [4]    _rightCar
0x000B       [4]    _leftCar
0x000F       [6]    _____DoICP
0x0015       [4]    _stopCar
0x0019      [66]    _mainCode
0x005B       [2]    _initialValues
0x005D      [12]    ___CC2DW
0x0069       [8]    _ioConfiguration
0x0071       [9]    _main
//** Variables locations ** 
//ADDRESS    SIZE    VARIABLE
//----------------------------------------------
0x0000       [1]    INDF
0x0002       [1]    PCL
0x0003       [1]    STATUS
0x0004       [1]    FSR
0x0005       [1]    PORTA
0x0005       [0]    MotorR
0x0005       [0]    MotorL
0x0006       [0]    LDR_L2
0x0006       [1]    PORTB
0x0006       [0]    LDR_L1
0x0006       [0]    LDR_R2
0x0006       [0]    LDR_R1
0x000A       [1]    PCLATH
0x000C       [2]    _R
0x000E       [2]    _L
0x0010       [2]    ___DoICPAddr
0x0040       [1]    R0
0x0041       [1]    R1
0x0042       [1]    R2
0x0043       [1]    R3
0x0044       [1]    R4
0x0045       [1]    R5
0x0046       [1]    R6
0x0047       [1]    R7
0x0048       [1]    R8
0x0049       [1]    R9
0x004A       [1]    R10
0x004B       [1]    R11
0x004C       [1]    R12
0x004D       [1]    R13
0x004E       [1]    R14
0x004F       [1]    R15
0x0085       [1]    TRISA
0x0085       [0]    MotorL_dir
0x0085       [0]    MotorR_dir
0x0086       [1]    TRISB
0x0086       [0]    LDR_R1_dir
0x0086       [0]    LDR_L1_dir
0x0086       [0]    LDR_L2_dir
0x0086       [0]    LDR_R2_dir
//** Label List: ** 
//----------------------------------------------
  L_mainCode0
  L_mainCode1
  L_mainCode2
  L_mainCode3
  L_mainCode4
  L_mainCode5
  L_mainCode6
  L_mainCode7
  L_mainCode8
  L_end_main
  _main
  L_end_ioConfiguration
  _ioConfiguration
  L_end_initialValues
  _initialValues
  L_end_mainCode
  _mainCode
  L__mainCode13
  L__mainCode14
  L__mainCode15
  L_end_followedCar
  _followedCar
  L_end_leftCar
  _leftCar
  L_end_rightCar
  _rightCar
  L_end_stopCar
  _stopCar
  L_loopCA2AWs
  L_CA2AWend
  _CCA2AW_Loop1
  L_loopCS2Ss
  L_CS2Send
  _CCS2S_Loop1
  L_CCS2Send
  L_loopFZinSWs
  L_FZinSend
  _CC2D_Loop1
  L_end_____DoICP
  _____DoICP
  L_end_____DoIFC
  _____DoIFC
  L_end___CA2AW
  ___CA2AW
  L_end___CCA2AW
  ___CCA2AW
  L_end___CS2S
  ___CS2S
  L_end___CCS2S
  ___CCS2S
  L_end___FZinS
  ___FZinS
  L_end___CC2DW
  ___CC2DW
  L_end_Swap
  _Swap
